<?xml version="1.0" encoding="UTF-8"?>
<testng-results ignored="0" total="1" passed="1" failed="0" skipped="0">
  <reporter-output>
  </reporter-output>
  <suite started-at="2023-07-29T08:51:52 IST" name="Default suite" finished-at="2023-07-29T08:51:52 IST" duration-ms="82">
    <groups>
    </groups>
    <test started-at="2023-07-29T08:51:52 IST" name="Default test" finished-at="2023-07-29T08:51:52 IST" duration-ms="82">
      <class name="tests.Test1">
        <test-method signature="method()[pri:0, instance:tests.Test1@3232a28a]" started-at="2023-07-29T08:51:52 IST" name="method" finished-at="2023-07-29T08:51:52 IST" duration-ms="14" status="PASS">
          <reporter-output>
          </reporter-output>
        </test-method> <!-- method -->
      </class> <!-- tests.Test1 -->
    </test> <!-- Default test -->
  </suite> <!-- Default suite -->
</testng-results>
